 Container bollard-dev-run-fe1515b3c538 Creating 
 Container bollard-dev-run-fe1515b3c538 Created 

> @bollard/cli@0.0.1 start /app/packages/cli
> tsx src/index.ts -- run implement-feature --task 'Add a --json flag to the bollard verify command'


[1m[36mbollard[0m [1mrun implement-feature[0m
[2m──────────────────────────────────────────────────[0m
[2mTask:[0m      Add a --json flag to the bollard verify command
[2mBlueprint:[0m Implement Feature (8 steps)
[2mLimits:[0m    $15 cost / 30min

(node:47) [DEP0040] DeprecationWarning: The `punycode` module is deprecated. Please use a userland alternative instead.
(Use `node --trace-deprecation ...` to show where the warning was created)
[2m[1/8][0m [2mcheck[0m  Create Git Branch
[2m[1/8][0m       [31m✗[0m [2m2ms[0m
[2m──────────────────────────────────────────────────[0m
[1mResult:[0m [31m✗ failure[0m
[2mRun ID:[0m   20260329-0038-run-8eb9
[2mDuration:[0m 2ms
[2mCost:[0m     $0.0000

[31mError [NODE_EXECUTION_FAILED]:[0m spawn git ENOENT

{
  "runId": "20260329-0038-run-8eb9",
  "totalCostUsd": 0,
  "totalDurationMs": 2,
  "nodeResults": {
    "create-branch": {
      "status": "fail",
      "error": {
        "code": "NODE_EXECUTION_FAILED",
        "message": "spawn git ENOENT"
      }
    }
  },
  "status": "failure",
  "error": {
    "code": "NODE_EXECUTION_FAILED",
    "message": "spawn git ENOENT"
  }
}
/app/packages/cli:
 ERR_PNPM_RECURSIVE_RUN_FIRST_FAIL  @bollard/cli@0.0.1 start: `tsx src/index.ts -- run implement-feature --task 'Add a --json flag to the bollard verify command'`
Exit status 1

